{"/Users/tesing/Desktop/calculator/index.js": {"path":"/Users/tesing/Desktop/calculator/index.js","statementMap":{"0":{"start":{"line":1,"column":16},"end":{"line":1,"column":34}},"1":{"start":{"line":2,"column":17},"end":{"line":2,"column":36}},"2":{"start":{"line":4,"column":18},"end":{"line":4,"column":47}},"3":{"start":{"line":7,"column":12},"end":{"line":7,"column":21}},"4":{"start":{"line":8,"column":19},"end":{"line":8,"column":41}},"5":{"start":{"line":9,"column":13},"end":{"line":9,"column":37}},"6":{"start":{"line":11,"column":15},"end":{"line":11,"column":32}},"7":{"start":{"line":12,"column":0},"end":{"line":12,"column":16}},"8":{"start":{"line":14,"column":0},"end":{"line":14,"column":45}},"9":{"start":{"line":15,"column":0},"end":{"line":15,"column":27}},"10":{"start":{"line":20,"column":0},"end":{"line":20,"column":54}},"11":{"start":{"line":21,"column":0},"end":{"line":21,"column":57}},"12":{"start":{"line":23,"column":0},"end":{"line":29,"column":3}},"13":{"start":{"line":25,"column":2},"end":{"line":25,"column":38}},"14":{"start":{"line":28,"column":2},"end":{"line":28,"column":55}},"15":{"start":{"line":32,"column":0},"end":{"line":34,"column":2}},"16":{"start":{"line":33,"column":1},"end":{"line":33,"column":59}},"17":{"start":{"line":36,"column":0},"end":{"line":36,"column":21}}},"fnMap":{"0":{"name":"(anonymous_0)","decl":{"start":{"line":24,"column":6},"end":{"line":24,"column":7}},"loc":{"start":{"line":24,"column":12},"end":{"line":26,"column":1}},"line":24},"1":{"name":"(anonymous_1)","decl":{"start":{"line":27,"column":7},"end":{"line":27,"column":8}},"loc":{"start":{"line":27,"column":18},"end":{"line":29,"column":1}},"line":27},"2":{"name":"(anonymous_2)","decl":{"start":{"line":32,"column":16},"end":{"line":32,"column":17}},"loc":{"start":{"line":32,"column":20},"end":{"line":34,"column":1}},"line":32}},"branchMap":{"0":{"loc":{"start":{"line":9,"column":13},"end":{"line":9,"column":37}},"type":"binary-expr","locations":[{"start":{"line":9,"column":13},"end":{"line":9,"column":29}},{"start":{"line":9,"column":33},"end":{"line":9,"column":37}}],"line":9}},"s":{"0":2,"1":2,"2":2,"3":2,"4":2,"5":2,"6":2,"7":2,"8":2,"9":2,"10":2,"11":2,"12":2,"13":2,"14":0,"15":2,"16":1,"17":2},"f":{"0":2,"1":0,"2":1},"b":{"0":[2,2]},"_coverageSchema":"1a1c01bbd47fc00a2c39e90264f33305004495a9","hash":"803c78a7f61f612e7140946dbf1c5b362387e4f5"}
,"/Users/tesing/Desktop/calculator/controllers/history.controller.js": {"path":"/Users/tesing/Desktop/calculator/controllers/history.controller.js","statementMap":{"0":{"start":{"line":1,"column":69},"end":{"line":1,"column":110}},"1":{"start":{"line":2,"column":26},"end":{"line":2,"column":59}},"2":{"start":{"line":6,"column":1},"end":{"line":23,"column":2}},"3":{"start":{"line":7,"column":16},"end":{"line":7,"column":36}},"4":{"start":{"line":9,"column":2},"end":{"line":9,"column":23}},"5":{"start":{"line":11,"column":27},"end":{"line":11,"column":50}},"6":{"start":{"line":13,"column":2},"end":{"line":13,"column":91}},"7":{"start":{"line":13,"column":33},"end":{"line":13,"column":91}},"8":{"start":{"line":15,"column":2},"end":{"line":15,"column":50}},"9":{"start":{"line":29,"column":15},"end":{"line":29,"column":35}},"10":{"start":{"line":30,"column":14},"end":{"line":30,"column":24}},"11":{"start":{"line":31,"column":1},"end":{"line":46,"column":2}},"12":{"start":{"line":33,"column":2},"end":{"line":33,"column":23}},"13":{"start":{"line":34,"column":2},"end":{"line":34,"column":29}},"14":{"start":{"line":36,"column":2},"end":{"line":36,"column":74}},"15":{"start":{"line":52,"column":15},"end":{"line":52,"column":35}},"16":{"start":{"line":53,"column":1},"end":{"line":64,"column":2}},"17":{"start":{"line":54,"column":2},"end":{"line":54,"column":23}},"18":{"start":{"line":55,"column":2},"end":{"line":55,"column":30}},"19":{"start":{"line":56,"column":2},"end":{"line":56,"column":79}},"20":{"start":{"line":69,"column":0},"end":{"line":69,"column":66}}},"fnMap":{"0":{"name":"showHistory","decl":{"start":{"line":5,"column":15},"end":{"line":5,"column":26}},"loc":{"start":{"line":5,"column":36},"end":{"line":24,"column":1}},"line":5},"1":{"name":"clearSingleEntry","decl":{"start":{"line":27,"column":15},"end":{"line":27,"column":31}},"loc":{"start":{"line":27,"column":41},"end":{"line":47,"column":1}},"line":27},"2":{"name":"deleteAllEntry","decl":{"start":{"line":50,"column":15},"end":{"line":50,"column":29}},"loc":{"start":{"line":50,"column":39},"end":{"line":65,"column":1}},"line":50}},"branchMap":{"0":{"loc":{"start":{"line":13,"column":2},"end":{"line":13,"column":91}},"type":"if","locations":[{"start":{"line":13,"column":2},"end":{"line":13,"column":91}},{"start":{},"end":{}}],"line":13}},"s":{"0":2,"1":2,"2":2,"3":2,"4":2,"5":2,"6":2,"7":1,"8":1,"9":1,"10":1,"11":1,"12":1,"13":1,"14":1,"15":1,"16":1,"17":1,"18":1,"19":1,"20":2},"f":{"0":2,"1":1,"2":1},"b":{"0":[1,1]},"_coverageSchema":"1a1c01bbd47fc00a2c39e90264f33305004495a9","hash":"600a20313ee1a184b0c91cd217d7edbb93ebedb7"}
,"/Users/tesing/Desktop/calculator/controllers/operations.controller.js": {"path":"/Users/tesing/Desktop/calculator/controllers/operations.controller.js","statementMap":{"0":{"start":{"line":1,"column":31},"end":{"line":1,"column":75}},"1":{"start":{"line":2,"column":26},"end":{"line":2,"column":59}},"2":{"start":{"line":7,"column":1},"end":{"line":32,"column":2}},"3":{"start":{"line":9,"column":37},"end":{"line":9,"column":45}},"4":{"start":{"line":10,"column":16},"end":{"line":10,"column":36}},"5":{"start":{"line":13,"column":2},"end":{"line":13,"column":23}},"6":{"start":{"line":15,"column":2},"end":{"line":15,"column":102}},"7":{"start":{"line":15,"column":38},"end":{"line":15,"column":102}},"8":{"start":{"line":17,"column":2},"end":{"line":20,"column":3}},"9":{"start":{"line":18,"column":3},"end":{"line":18,"column":43}},"10":{"start":{"line":22,"column":17},"end":{"line":22,"column":74}},"11":{"start":{"line":24,"column":2},"end":{"line":24,"column":61}},"12":{"start":{"line":34,"column":0},"end":{"line":34,"column":28}}},"fnMap":{"0":{"name":"calculate","decl":{"start":{"line":5,"column":15},"end":{"line":5,"column":24}},"loc":{"start":{"line":5,"column":34},"end":{"line":33,"column":1}},"line":5}},"branchMap":{"0":{"loc":{"start":{"line":15,"column":2},"end":{"line":15,"column":102}},"type":"if","locations":[{"start":{"line":15,"column":2},"end":{"line":15,"column":102}},{"start":{},"end":{}}],"line":15},"1":{"loc":{"start":{"line":15,"column":5},"end":{"line":15,"column":36}},"type":"binary-expr","locations":[{"start":{"line":15,"column":5},"end":{"line":15,"column":12}},{"start":{"line":15,"column":16},"end":{"line":15,"column":23}},{"start":{"line":15,"column":27},"end":{"line":15,"column":36}}],"line":15},"2":{"loc":{"start":{"line":17,"column":2},"end":{"line":20,"column":3}},"type":"if","locations":[{"start":{"line":17,"column":2},"end":{"line":20,"column":3}},{"start":{},"end":{}}],"line":17},"3":{"loc":{"start":{"line":17,"column":5},"end":{"line":17,"column":61}},"type":"binary-expr","locations":[{"start":{"line":17,"column":5},"end":{"line":17,"column":31}},{"start":{"line":17,"column":35},"end":{"line":17,"column":61}}],"line":17}},"s":{"0":2,"1":2,"2":10,"3":10,"4":10,"5":10,"6":10,"7":4,"8":6,"9":1,"10":5,"11":4,"12":2},"f":{"0":10},"b":{"0":[4,6],"1":[10,9,8],"2":[1,5],"3":[6,6]},"_coverageSchema":"1a1c01bbd47fc00a2c39e90264f33305004495a9","hash":"f4bd4cb9716dd838197a70dfb3b46873b222a848"}
,"/Users/tesing/Desktop/calculator/models/history.model.js": {"path":"/Users/tesing/Desktop/calculator/models/history.model.js","statementMap":{"0":{"start":{"line":1,"column":17},"end":{"line":1,"column":36}},"1":{"start":{"line":3,"column":21},"end":{"line":27,"column":2}},"2":{"start":{"line":29,"column":0},"end":{"line":29,"column":55}}},"fnMap":{},"branchMap":{},"s":{"0":2,"1":2,"2":2},"f":{},"b":{},"_coverageSchema":"1a1c01bbd47fc00a2c39e90264f33305004495a9","hash":"fb0e0fca90a62ae86bddbaaf938976c6eb66529f"}
,"/Users/tesing/Desktop/calculator/routes/history.route.js": {"path":"/Users/tesing/Desktop/calculator/routes/history.route.js","statementMap":{"0":{"start":{"line":1,"column":16},"end":{"line":1,"column":34}},"1":{"start":{"line":2,"column":15},"end":{"line":2,"column":31}},"2":{"start":{"line":3,"column":58},"end":{"line":3,"column":105}},"3":{"start":{"line":5,"column":0},"end":{"line":5,"column":36}},"4":{"start":{"line":6,"column":0},"end":{"line":6,"column":48}},"5":{"start":{"line":7,"column":0},"end":{"line":7,"column":42}},"6":{"start":{"line":11,"column":0},"end":{"line":11,"column":24}}},"fnMap":{},"branchMap":{},"s":{"0":2,"1":2,"2":2,"3":2,"4":2,"5":2,"6":2},"f":{},"b":{},"_coverageSchema":"1a1c01bbd47fc00a2c39e90264f33305004495a9","hash":"8f3ce54ee3901f67608102b92f2ea602542fd9fa"}
,"/Users/tesing/Desktop/calculator/routes/operations.route.js": {"path":"/Users/tesing/Desktop/calculator/routes/operations.route.js","statementMap":{"0":{"start":{"line":1,"column":16},"end":{"line":1,"column":34}},"1":{"start":{"line":2,"column":15},"end":{"line":2,"column":31}},"2":{"start":{"line":3,"column":22},"end":{"line":3,"column":72}},"3":{"start":{"line":5,"column":0},"end":{"line":5,"column":38}},"4":{"start":{"line":9,"column":0},"end":{"line":9,"column":24}}},"fnMap":{},"branchMap":{},"s":{"0":2,"1":2,"2":2,"3":2,"4":2},"f":{},"b":{},"_coverageSchema":"1a1c01bbd47fc00a2c39e90264f33305004495a9","hash":"2384d227180f158d766b8b0cc84b5f5ef5a87181"}
,"/Users/tesing/Desktop/calculator/services/history.service.js": {"path":"/Users/tesing/Desktop/calculator/services/history.service.js","statementMap":{"0":{"start":{"line":1,"column":16},"end":{"line":1,"column":53}},"1":{"start":{"line":4,"column":1},"end":{"line":10,"column":2}},"2":{"start":{"line":5,"column":23},"end":{"line":5,"column":74}},"3":{"start":{"line":6,"column":2},"end":{"line":6,"column":22}},"4":{"start":{"line":9,"column":2},"end":{"line":9,"column":19}},"5":{"start":{"line":14,"column":2},"end":{"line":14,"column":37}},"6":{"start":{"line":18,"column":1},"end":{"line":18,"column":35}},"7":{"start":{"line":22,"column":0},"end":{"line":22,"column":78}}},"fnMap":{"0":{"name":"getHistory","decl":{"start":{"line":3,"column":15},"end":{"line":3,"column":25}},"loc":{"start":{"line":3,"column":32},"end":{"line":11,"column":1}},"line":3},"1":{"name":"removeSingleEntryFromDb","decl":{"start":{"line":13,"column":15},"end":{"line":13,"column":38}},"loc":{"start":{"line":13,"column":42},"end":{"line":15,"column":1}},"line":13},"2":{"name":"removeAllEntryFromDb","decl":{"start":{"line":17,"column":15},"end":{"line":17,"column":35}},"loc":{"start":{"line":17,"column":42},"end":{"line":19,"column":1}},"line":17}},"branchMap":{},"s":{"0":2,"1":2,"2":2,"3":2,"4":0,"5":1,"6":1,"7":2},"f":{"0":2,"1":1,"2":1},"b":{},"_coverageSchema":"1a1c01bbd47fc00a2c39e90264f33305004495a9","hash":"70dafe72937ffb24165ce9b0dd85f5fc76d381d4"}
,"/Users/tesing/Desktop/calculator/services/operations.service.js": {"path":"/Users/tesing/Desktop/calculator/services/operations.service.js","statementMap":{"0":{"start":{"line":2,"column":16},"end":{"line":2,"column":53}},"1":{"start":{"line":7,"column":4},"end":{"line":37,"column":5}},"2":{"start":{"line":8,"column":8},"end":{"line":26,"column":9}},"3":{"start":{"line":10,"column":16},"end":{"line":10,"column":41}},"4":{"start":{"line":11,"column":16},"end":{"line":11,"column":22}},"5":{"start":{"line":13,"column":16},"end":{"line":13,"column":41}},"6":{"start":{"line":14,"column":16},"end":{"line":14,"column":22}},"7":{"start":{"line":16,"column":16},"end":{"line":16,"column":41}},"8":{"start":{"line":17,"column":16},"end":{"line":17,"column":22}},"9":{"start":{"line":19,"column":16},"end":{"line":21,"column":17}},"10":{"start":{"line":20,"column":20},"end":{"line":20,"column":68}},"11":{"start":{"line":22,"column":16},"end":{"line":22,"column":41}},"12":{"start":{"line":23,"column":16},"end":{"line":23,"column":22}},"13":{"start":{"line":25,"column":16},"end":{"line":25,"column":57}},"14":{"start":{"line":29,"column":26},"end":{"line":29,"column":82}},"15":{"start":{"line":30,"column":8},"end":{"line":30,"column":31}},"16":{"start":{"line":32,"column":8},"end":{"line":32,"column":22}},"17":{"start":{"line":35,"column":8},"end":{"line":35,"column":55}},"18":{"start":{"line":36,"column":8},"end":{"line":36,"column":36}},"19":{"start":{"line":42,"column":0},"end":{"line":42,"column":39}}},"fnMap":{"0":{"name":"handleCalculations","decl":{"start":{"line":4,"column":15},"end":{"line":4,"column":33}},"loc":{"start":{"line":4,"column":67},"end":{"line":38,"column":1}},"line":4}},"branchMap":{"0":{"loc":{"start":{"line":8,"column":8},"end":{"line":26,"column":9}},"type":"switch","locations":[{"start":{"line":9,"column":12},"end":{"line":11,"column":22}},{"start":{"line":12,"column":12},"end":{"line":14,"column":22}},{"start":{"line":15,"column":12},"end":{"line":17,"column":22}},{"start":{"line":18,"column":12},"end":{"line":23,"column":22}},{"start":{"line":24,"column":12},"end":{"line":25,"column":57}}],"line":8},"1":{"loc":{"start":{"line":19,"column":16},"end":{"line":21,"column":17}},"type":"if","locations":[{"start":{"line":19,"column":16},"end":{"line":21,"column":17}},{"start":{},"end":{}}],"line":19}},"s":{"0":2,"1":5,"2":5,"3":1,"4":1,"5":1,"6":1,"7":1,"8":1,"9":1,"10":0,"11":1,"12":1,"13":1,"14":4,"15":4,"16":4,"17":1,"18":1,"19":2},"f":{"0":5},"b":{"0":[1,1,1,1,1],"1":[0,1]},"_coverageSchema":"1a1c01bbd47fc00a2c39e90264f33305004495a9","hash":"4c78e5926aca7d6f5ce2d2b16b469dc571990896"}
,"/Users/tesing/Desktop/calculator/validators/index.js": {"path":"/Users/tesing/Desktop/calculator/validators/index.js","statementMap":{"0":{"start":{"line":3,"column":4},"end":{"line":19,"column":5}},"1":{"start":{"line":5,"column":8},"end":{"line":7,"column":9}},"2":{"start":{"line":6,"column":12},"end":{"line":6,"column":49}},"3":{"start":{"line":9,"column":24},"end":{"line":9,"column":52}},"4":{"start":{"line":11,"column":8},"end":{"line":13,"column":9}},"5":{"start":{"line":12,"column":12},"end":{"line":12,"column":44}},"6":{"start":{"line":15,"column":8},"end":{"line":15,"column":20}},"7":{"start":{"line":18,"column":8},"end":{"line":18,"column":37}},"8":{"start":{"line":24,"column":0},"end":{"line":24,"column":32}}},"fnMap":{"0":{"name":"validateEmail","decl":{"start":{"line":2,"column":9},"end":{"line":2,"column":22}},"loc":{"start":{"line":2,"column":30},"end":{"line":20,"column":1}},"line":2}},"branchMap":{"0":{"loc":{"start":{"line":5,"column":8},"end":{"line":7,"column":9}},"type":"if","locations":[{"start":{"line":5,"column":8},"end":{"line":7,"column":9}},{"start":{},"end":{}}],"line":5},"1":{"loc":{"start":{"line":11,"column":8},"end":{"line":13,"column":9}},"type":"if","locations":[{"start":{"line":11,"column":8},"end":{"line":13,"column":9}},{"start":{},"end":{}}],"line":11}},"s":{"0":15,"1":15,"2":0,"3":15,"4":15,"5":1,"6":14,"7":1,"8":3},"f":{"0":15},"b":{"0":[0,15],"1":[1,14]},"_coverageSchema":"1a1c01bbd47fc00a2c39e90264f33305004495a9","hash":"1b119082163855742ab7b55344fcf0ed76a08e3d"}
}
