TN:
SF:index.js
FN:24,(anonymous_0)
FN:27,(anonymous_1)
FN:32,(anonymous_2)
FNF:3
FNH:2
FNDA:2,(anonymous_0)
FNDA:0,(anonymous_1)
FNDA:1,(anonymous_2)
DA:1,2
DA:2,2
DA:4,2
DA:7,2
DA:8,2
DA:9,2
DA:11,2
DA:12,2
DA:14,2
DA:15,2
DA:20,2
DA:21,2
DA:23,2
DA:25,2
DA:28,0
DA:32,2
DA:33,1
DA:36,2
LF:18
LH:17
BRDA:9,0,0,2
BRDA:9,0,1,2
BRF:2
BRH:2
end_of_record
TN:
SF:controllers/history.controller.js
FN:5,showHistory
FN:27,clearSingleEntry
FN:50,deleteAllEntry
FNF:3
FNH:3
FNDA:2,showHistory
FNDA:1,clearSingleEntry
FNDA:1,deleteAllEntry
DA:1,2
DA:2,2
DA:6,2
DA:7,2
DA:9,2
DA:11,2
DA:13,2
DA:15,1
DA:29,1
DA:30,1
DA:31,1
DA:33,1
DA:34,1
DA:36,1
DA:52,1
DA:53,1
DA:54,1
DA:55,1
DA:56,1
DA:69,2
LF:20
LH:20
BRDA:13,0,0,1
BRDA:13,0,1,1
BRF:2
BRH:2
end_of_record
TN:
SF:controllers/operations.controller.js
FN:5,calculate
FNF:1
FNH:1
FNDA:10,calculate
DA:1,2
DA:2,2
DA:7,10
DA:9,10
DA:10,10
DA:13,10
DA:15,10
DA:17,6
DA:18,1
DA:22,5
DA:24,4
DA:34,2
LF:12
LH:12
BRDA:15,0,0,4
BRDA:15,0,1,6
BRDA:15,1,0,10
BRDA:15,1,1,9
BRDA:15,1,2,8
BRDA:17,2,0,1
BRDA:17,2,1,5
BRDA:17,3,0,6
BRDA:17,3,1,6
BRF:9
BRH:9
end_of_record
TN:
SF:models/history.model.js
FNF:0
FNH:0
DA:1,2
DA:3,2
DA:29,2
LF:3
LH:3
BRF:0
BRH:0
end_of_record
TN:
SF:routes/history.route.js
FNF:0
FNH:0
DA:1,2
DA:2,2
DA:3,2
DA:5,2
DA:6,2
DA:7,2
DA:11,2
LF:7
LH:7
BRF:0
BRH:0
end_of_record
TN:
SF:routes/operations.route.js
FNF:0
FNH:0
DA:1,2
DA:2,2
DA:3,2
DA:5,2
DA:9,2
LF:5
LH:5
BRF:0
BRH:0
end_of_record
TN:
SF:services/history.service.js
FN:3,getHistory
FN:13,removeSingleEntryFromDb
FN:17,removeAllEntryFromDb
FNF:3
FNH:3
FNDA:2,getHistory
FNDA:1,removeSingleEntryFromDb
FNDA:1,removeAllEntryFromDb
DA:1,2
DA:4,2
DA:5,2
DA:6,2
DA:9,0
DA:14,1
DA:18,1
DA:22,2
LF:8
LH:7
BRF:0
BRH:0
end_of_record
TN:
SF:services/operations.service.js
FN:4,handleCalculations
FNF:1
FNH:1
FNDA:5,handleCalculations
DA:2,2
DA:7,5
DA:8,5
DA:10,1
DA:11,1
DA:13,1
DA:14,1
DA:16,1
DA:17,1
DA:19,1
DA:20,0
DA:22,1
DA:23,1
DA:25,1
DA:29,4
DA:30,4
DA:32,4
DA:35,1
DA:36,1
DA:42,2
LF:20
LH:19
BRDA:8,0,0,1
BRDA:8,0,1,1
BRDA:8,0,2,1
BRDA:8,0,3,1
BRDA:8,0,4,1
BRDA:19,1,0,0
BRDA:19,1,1,1
BRF:7
BRH:6
end_of_record
TN:
SF:validators/index.js
FN:2,validateEmail
FNF:1
FNH:1
FNDA:15,validateEmail
DA:3,15
DA:5,15
DA:6,0
DA:9,15
DA:11,15
DA:12,1
DA:15,14
DA:18,1
DA:24,3
LF:9
LH:8
BRDA:5,0,0,0
BRDA:5,0,1,15
BRDA:11,1,0,1
BRDA:11,1,1,14
BRF:4
BRH:3
end_of_record
